d:\tech excellence - department\training_projects\qt_5.10\qt_5.10\visualizer\visualizer\x64\debug\vc143.pdb
d:\tech excellence - department\training_projects\qt_5.10\qt_5.10\visualizer\visualizer\x64\debug\moc_visualizer.obj
d:\tech excellence - department\training_projects\qt_5.10\qt_5.10\visualizer\visualizer\x64\debug\qrc_visualizer.obj
d:\tech excellence - department\training_projects\qt_5.10\qt_5.10\visualizer\visualizer\x64\debug\main.obj
d:\tech excellence - department\training_projects\qt_5.10\qt_5.10\visualizer\visualizer\x64\debug\visualizer.obj
d:\tech excellence - department\training_projects\qt_5.10\qt_5.10\visualizer\x64\debug\visualizer.exe
d:\tech excellence - department\training_projects\qt_5.10\qt_5.10\visualizer\x64\debug\visualizer.pdb
d:\tech excellence - department\training_projects\qt_5.10\qt_5.10\visualizer\visualizer\x64\debug\moc\moc_visualizer.cpp
d:\tech excellence - department\training_projects\qt_5.10\qt_5.10\visualizer\visualizer\x64\debug\rcc\qrc_visualizer.cpp
d:\tech excellence - department\training_projects\qt_5.10\qt_5.10\visualizer\visualizer\x64\debug\uic\ui_visualizer.h
d:\tech excellence - department\training_projects\qt_5.10\qt_5.10\visualizer\x64\debug\visualizer.ilk
d:\tech excellence - department\training_projects\qt_5.10\qt_5.10\visualizer\visualizer\x64\debug\visualizer.tlog\cl.command.1.tlog
d:\tech excellence - department\training_projects\qt_5.10\qt_5.10\visualizer\visualizer\x64\debug\visualizer.tlog\cl.items.tlog
d:\tech excellence - department\training_projects\qt_5.10\qt_5.10\visualizer\visualizer\x64\debug\visualizer.tlog\cl.read.1.tlog
d:\tech excellence - department\training_projects\qt_5.10\qt_5.10\visualizer\visualizer\x64\debug\visualizer.tlog\cl.write.1.tlog
d:\tech excellence - department\training_projects\qt_5.10\qt_5.10\visualizer\visualizer\x64\debug\visualizer.tlog\link.command.1.tlog
d:\tech excellence - department\training_projects\qt_5.10\qt_5.10\visualizer\visualizer\x64\debug\visualizer.tlog\link.read.1.tlog
d:\tech excellence - department\training_projects\qt_5.10\qt_5.10\visualizer\visualizer\x64\debug\visualizer.tlog\link.secondary.1.tlog
d:\tech excellence - department\training_projects\qt_5.10\qt_5.10\visualizer\visualizer\x64\debug\visualizer.tlog\link.write.1.tlog
d:\tech excellence - department\training_projects\qt_5.10\qt_5.10\visualizer\visualizer\x64\debug\visualizer.tlog\moc.read.1u.tlog
d:\tech excellence - department\training_projects\qt_5.10\qt_5.10\visualizer\visualizer\x64\debug\visualizer.tlog\moc.write.1u.tlog
d:\tech excellence - department\training_projects\qt_5.10\qt_5.10\visualizer\visualizer\x64\debug\visualizer.tlog\rcc.read.1u.tlog
d:\tech excellence - department\training_projects\qt_5.10\qt_5.10\visualizer\visualizer\x64\debug\visualizer.tlog\rcc.write.1u.tlog
d:\tech excellence - department\training_projects\qt_5.10\qt_5.10\visualizer\visualizer\x64\debug\visualizer.tlog\uic.read.1u.tlog
d:\tech excellence - department\training_projects\qt_5.10\qt_5.10\visualizer\visualizer\x64\debug\visualizer.tlog\uic.write.1u.tlog
d:\tech excellence - department\training_projects\qt_5.10\qt_5.10\visualizer\visualizer\x64\debug\visualizer.tlog\visualizer.write.1u.tlog
